Build started 2018/9/25 9:26:05.
     1>Project "H:\first_project\icu_demo\icu_demo.vcxproj" on node 2 (Build target(s)).
     1>ClCompile:
         H:\Program Files (x86)\Microsoft Visual Studio 12.0\VC\bin\CL.exe /c /ZI /nologo /W3 /WX- /sdl- /Od /Oy- /D U_COMMON_IMPLEMENTATION /D WIN32 /D _DEBUG /D _CONSOLE /D _UNICODE /D UNICODE /Gm /EHsc /RTC1 /MTd /GS /fp:precise /Zc:wchar_t /Zc:forScope /Fo"Debug\\" /Fd"Debug\vc120.pdb" /Gd /TP /analyze- /errorReport:prompt main.cpp uts46.cpp
         uts46.cpp
         main.cpp
         Generating Code...
       Link:
         H:\Program Files (x86)\Microsoft Visual Studio 12.0\VC\bin\link.exe /ERRORREPORT:PROMPT /OUT:"H:\first_project\common\Debug\icu_demo.exe" /INCREMENTAL /NOLOGO kernel32.lib user32.lib gdi32.lib winspool.lib comdlg32.lib advapi32.lib shell32.lib ole32.lib oleaut32.lib uuid.lib odbc32.lib odbccp32.lib /MANIFEST /MANIFESTUAC:"level='asInvoker' uiAccess='false'" /manifest:embed /DEBUG /PDB:"H:\first_project\common\Debug\icu_demo.pdb" /SUBSYSTEM:CONSOLE /TLBID:1 /DYNAMICBASE /NXCOMPAT /IMPLIB:"H:\first_project\common\Debug\icu_demo.lib" /MACHINE:X86 Debug\main.obj
         Debug\uts46.obj
     1>uts46.obj : error LNK2019: unresolved external symbol "public: static void * __cdecl icu_58::UMemory::operator new(unsigned int)" (??2UMemory@icu_58@@SAPAXI@Z) referenced in function "public: static class icu_58::IDNA * __cdecl icu_58::IDNA::createUTS46Instance(unsigned int,enum UErrorCode &)" (?createUTS46Instance@IDNA@icu_58@@SAPAV12@IAAW4UErrorCode@@@Z)
     1>uts46.obj : error LNK2019: unresolved external symbol "public: static void __cdecl icu_58::UMemory::operator delete(void *)" (??3UMemory@icu_58@@SAXPAX@Z) referenced in function "public: virtual void * __thiscall icu_58::IDNA::`scalar deleting destructor'(unsigned int)" (??_GIDNA@icu_58@@UAEPAXI@Z)
     1>uts46.obj : error LNK2019: unresolved external symbol "public: virtual __thiscall icu_58::UObject::~UObject(void)" (??1UObject@icu_58@@UAE@XZ) referenced in function "public: virtual __thiscall icu_58::IDNA::~IDNA(void)" (??1IDNA@icu_58@@UAE@XZ)
     1>uts46.obj : error LNK2001: unresolved external symbol "public: virtual void * __thiscall icu_58::UObject::getDynamicClassID(void)const " (?getDynamicClassID@UObject@icu_58@@UBEPAXXZ)
     1>uts46.obj : error LNK2019: unresolved external symbol "public: __thiscall icu_58::CheckedArrayByteSink::CheckedArrayByteSink(char *,int)" (??0CheckedArrayByteSink@icu_58@@QAE@PADH@Z) referenced in function _uidna_labelToASCII_UTF8_58
     1>uts46.obj : error LNK2019: unresolved external symbol "public: virtual __thiscall icu_58::CheckedArrayByteSink::~CheckedArrayByteSink(void)" (??1CheckedArrayByteSink@icu_58@@UAE@XZ) referenced in function _uidna_labelToASCII_UTF8_58
     1>uts46.obj : error LNK2019: unresolved external symbol "public: __thiscall icu_58::StringPiece::StringPiece(class icu_58::StringPiece const &,int)" (??0StringPiece@icu_58@@QAE@ABV01@H@Z) referenced in function "private: void __thiscall icu_58::UTS46::processUTF8(class icu_58::StringPiece,signed char,signed char,class icu_58::ByteSink &,class icu_58::IDNAInfo &,enum UErrorCode &)const " (?processUTF8@UTS46@icu_58@@ABEXVStringPiece@2@CCAAVByteSink@2@AAVIDNAInfo@2@AAW4UErrorCode@@@Z)
     1>uts46.obj : error LNK2019: unresolved external symbol "public: virtual __thiscall icu_58::Replaceable::~Replaceable(void)" (??1Replaceable@icu_58@@UAE@XZ) referenced in function "public: virtual void * __thiscall icu_58::Replaceable::`scalar deleting destructor'(unsigned int)" (??_GReplaceable@icu_58@@UAEPAXI@Z)
     1>uts46.obj : error LNK2001: unresolved external symbol "public: virtual signed char __thiscall icu_58::Replaceable::hasMetaData(void)const " (?hasMetaData@Replaceable@icu_58@@UBECXZ)
     1>uts46.obj : error LNK2001: unresolved external symbol "public: virtual class icu_58::Replaceable * __thiscall icu_58::Replaceable::clone(void)const " (?clone@Replaceable@icu_58@@UBEPAV12@XZ)
     1>uts46.obj : error LNK2019: unresolved external symbol _u_memmove_58 referenced in function "private: int __thiscall icu_58::UTS46::mapDevChars(class icu_58::UnicodeString &,int,int,enum UErrorCode &)const " (?mapDevChars@UTS46@icu_58@@ABEHAAVUnicodeString@2@HHAAW4UErrorCode@@@Z)
     1>uts46.obj : error LNK2019: unresolved external symbol "public: int __thiscall icu_58::UnicodeString::extract(wchar_t *,int,enum UErrorCode &)const " (?extract@UnicodeString@icu_58@@QBEHPA_WHAAW4UErrorCode@@@Z) referenced in function _uidna_labelToASCII_58
     1>uts46.obj : error LNK2001: unresolved external symbol "public: virtual void __thiscall icu_58::UnicodeString::extractBetween(int,int,class icu_58::UnicodeString &)const " (?extractBetween@UnicodeString@icu_58@@UBEXHHAAV12@@Z)
     1>uts46.obj : error LNK2019: unresolved external symbol "public: class icu_58::UnicodeString __thiscall icu_58::UnicodeString::tempSubString(int,int)const " (?tempSubString@UnicodeString@icu_58@@QBE?AV12@HH@Z) referenced in function "private: int __thiscall icu_58::UTS46::mapDevChars(class icu_58::UnicodeString &,int,int,enum UErrorCode &)const " (?mapDevChars@UTS46@icu_58@@ABEHAAVUnicodeString@2@HHAAW4UErrorCode@@@Z)
     1>uts46.obj : error LNK2019: unresolved external symbol "public: void __thiscall icu_58::UnicodeString::toUTF8(class icu_58::ByteSink &)const " (?toUTF8@UnicodeString@icu_58@@QBEXAAVByteSink@2@@Z) referenced in function "public: virtual void __thiscall icu_58::IDNA::labelToASCII_UTF8(class icu_58::StringPiece,class icu_58::ByteSink &,class icu_58::IDNAInfo &,enum UErrorCode &)const " (?labelToASCII_UTF8@IDNA@icu_58@@UBEXVStringPiece@2@AAVByteSink@2@AAVIDNAInfo@2@AAW4UErrorCode@@@Z)
     1>uts46.obj : error LNK2019: unresolved external symbol "public: class icu_58::UnicodeString & __thiscall icu_58::UnicodeString::moveFrom(class icu_58::UnicodeString &)" (?moveFrom@UnicodeString@icu_58@@QAEAAV12@AAV12@@Z) referenced in function "public: class icu_58::UnicodeString & __thiscall icu_58::UnicodeString::operator=(class icu_58::UnicodeString &&)" (??4UnicodeString@icu_58@@QAEAAV01@$$QAV01@@Z)
     1>uts46.obj : error LNK2019: unresolved external symbol "public: void __thiscall icu_58::UnicodeString::setToBogus(void)" (?setToBogus@UnicodeString@icu_58@@QAEXXZ) referenced in function "private: class icu_58::UnicodeString & __thiscall icu_58::UTS46::process(class icu_58::UnicodeString const &,signed char,signed char,class icu_58::UnicodeString &,class icu_58::IDNAInfo &,enum UErrorCode &)const " (?process@UTS46@icu_58@@ABEAAVUnicodeString@2@ABV32@CCAAV32@AAVIDNAInfo@2@AAW4UErrorCode@@@Z)
     1>uts46.obj : error LNK2001: unresolved external symbol "public: virtual void __thiscall icu_58::UnicodeString::handleReplaceBetween(int,int,class icu_58::UnicodeString const &)" (?handleReplaceBetween@UnicodeString@icu_58@@UAEXHHABV12@@Z)
     1>uts46.obj : error LNK2001: unresolved external symbol "public: virtual signed char __thiscall icu_58::UnicodeString::hasMetaData(void)const " (?hasMetaData@UnicodeString@icu_58@@UBECXZ)
     1>uts46.obj : error LNK2001: unresolved external symbol "public: virtual void __thiscall icu_58::UnicodeString::copy(int,int,int)" (?copy@UnicodeString@icu_58@@UAEXHHH@Z)
     1>uts46.obj : error LNK2019: unresolved external symbol "public: wchar_t * __thiscall icu_58::UnicodeString::getBuffer(int)" (?getBuffer@UnicodeString@icu_58@@QAEPA_WH@Z) referenced in function "private: int __thiscall icu_58::UTS46::mapDevChars(class icu_58::UnicodeString &,int,int,enum UErrorCode &)const " (?mapDevChars@UTS46@icu_58@@ABEHAAVUnicodeString@2@HHAAW4UErrorCode@@@Z)
     1>uts46.obj : error LNK2019: unresolved external symbol "public: void __thiscall icu_58::UnicodeString::releaseBuffer(int)" (?releaseBuffer@UnicodeString@icu_58@@QAEXH@Z) referenced in function "private: int __thiscall icu_58::UTS46::mapDevChars(class icu_58::UnicodeString &,int,int,enum UErrorCode &)const " (?mapDevChars@UTS46@icu_58@@ABEHAAVUnicodeString@2@HHAAW4UErrorCode@@@Z)
     1>uts46.obj : error LNK2019: unresolved external symbol "public: __thiscall icu_58::UnicodeString::UnicodeString(signed char,wchar_t const *,int)" (??0UnicodeString@icu_58@@QAE@CPB_WH@Z) referenced in function _uidna_labelToASCII_58
     1>uts46.obj : error LNK2019: unresolved external symbol "public: __thiscall icu_58::UnicodeString::UnicodeString(wchar_t *,int,int)" (??0UnicodeString@icu_58@@QAE@PA_WHH@Z) referenced in function _uidna_labelToASCII_58
     1>uts46.obj : error LNK2001: unresolved external symbol "public: virtual class icu_58::Replaceable * __thiscall icu_58::UnicodeString::clone(void)const " (?clone@UnicodeString@icu_58@@UBEPAVReplaceable@2@XZ)
     1>uts46.obj : error LNK2019: unresolved external symbol "public: virtual __thiscall icu_58::UnicodeString::~UnicodeString(void)" (??1UnicodeString@icu_58@@UAE@XZ) referenced in function "public: virtual void * __thiscall icu_58::UnicodeString::`scalar deleting destructor'(unsigned int)" (??_GUnicodeString@icu_58@@UAEPAXI@Z)
     1>uts46.obj : error LNK2019: unresolved external symbol "public: static class icu_58::UnicodeString __cdecl icu_58::UnicodeString::fromUTF8(class icu_58::StringPiece)" (?fromUTF8@UnicodeString@icu_58@@SA?AV12@VStringPiece@2@@Z) referenced in function "public: virtual void __thiscall icu_58::IDNA::labelToASCII_UTF8(class icu_58::StringPiece,class icu_58::ByteSink &,class icu_58::IDNAInfo &,enum UErrorCode &)const " (?labelToASCII_UTF8@IDNA@icu_58@@UBEXVStringPiece@2@AAVByteSink@2@AAVIDNAInfo@2@AAW4UErrorCode@@@Z)
     1>uts46.obj : error LNK2001: unresolved external symbol "public: virtual void * __thiscall icu_58::UnicodeString::getDynamicClassID(void)const " (?getDynamicClassID@UnicodeString@icu_58@@UBEPAXXZ)
     1>uts46.obj : error LNK2001: unresolved external symbol "protected: virtual int __thiscall icu_58::UnicodeString::getLength(void)const " (?getLength@UnicodeString@icu_58@@MBEHXZ)
     1>uts46.obj : error LNK2001: unresolved external symbol "protected: virtual wchar_t __thiscall icu_58::UnicodeString::getCharAt(int)const " (?getCharAt@UnicodeString@icu_58@@MBE_WH@Z)
     1>uts46.obj : error LNK2001: unresolved external symbol "protected: virtual int __thiscall icu_58::UnicodeString::getChar32At(int)const " (?getChar32At@UnicodeString@icu_58@@MBEHH@Z)
     1>uts46.obj : error LNK2019: unresolved external symbol "private: class icu_58::UnicodeString & __thiscall icu_58::UnicodeString::doReplace(int,int,class icu_58::UnicodeString const &,int,int)" (?doReplace@UnicodeString@icu_58@@AAEAAV12@HHABV12@HH@Z) referenced in function "public: class icu_58::UnicodeString & __thiscall icu_58::UnicodeString::replace(int,int,class icu_58::UnicodeString const &)" (?replace@UnicodeString@icu_58@@QAEAAV12@HHABV12@@Z)
     1>uts46.obj : error LNK2019: unresolved external symbol "private: class icu_58::UnicodeString & __thiscall icu_58::UnicodeString::doReplace(int,int,wchar_t const *,int,int)" (?doReplace@UnicodeString@icu_58@@AAEAAV12@HHPB_WHH@Z) referenced in function "public: class icu_58::UnicodeString & __thiscall icu_58::UnicodeString::insert(int,wchar_t)" (?insert@UnicodeString@icu_58@@QAEAAV12@H_W@Z)
     1>uts46.obj : error LNK2019: unresolved external symbol _u_charDirection_58 referenced in function "private: void __thiscall icu_58::UTS46::checkLabelBiDi(wchar_t const *,int,class icu_58::IDNAInfo &)const " (?checkLabelBiDi@UTS46@icu_58@@ABEXPB_WHAAVIDNAInfo@2@@Z)
     1>uts46.obj : error LNK2019: unresolved external symbol _u_charType_58 referenced in function "private: int __thiscall icu_58::UTS46::processLabel(class icu_58::UnicodeString &,int,int,signed char,class icu_58::IDNAInfo &,enum UErrorCode &)const " (?processLabel@UTS46@icu_58@@ABEHAAVUnicodeString@2@HHCAAVIDNAInfo@2@AAW4UErrorCode@@@Z)
     1>uts46.obj : error LNK2019: unresolved external symbol "public: static class icu_58::Normalizer2 const * __cdecl icu_58::Normalizer2::getInstance(char const *,char const *,enum UNormalization2Mode,enum UErrorCode &)" (?getInstance@Normalizer2@icu_58@@SAPBV12@PBD0W4UNormalization2Mode@@AAW4UErrorCode@@@Z) referenced in function "public: __thiscall icu_58::UTS46::UTS46(unsigned int,enum UErrorCode &)" (??0UTS46@icu_58@@QAE@IAAW4UErrorCode@@@Z)
     1>uts46.obj : error LNK2019: unresolved external symbol _uscript_getScript_58 referenced in function "private: void __thiscall icu_58::UTS46::checkLabelContextO(wchar_t const *,int,class icu_58::IDNAInfo &)const " (?checkLabelContextO@UTS46@icu_58@@ABEXPB_WHAAVIDNAInfo@2@@Z)
     1>uts46.obj : error LNK2019: unresolved external symbol _u_strToPunycode_58 referenced in function "private: int __thiscall icu_58::UTS46::processLabel(class icu_58::UnicodeString &,int,int,signed char,class icu_58::IDNAInfo &,enum UErrorCode &)const " (?processLabel@UTS46@icu_58@@ABEHAAVUnicodeString@2@HHCAAVIDNAInfo@2@AAW4UErrorCode@@@Z)
     1>uts46.obj : error LNK2019: unresolved external symbol _u_strFromPunycode_58 referenced in function "private: int __thiscall icu_58::UTS46::processLabel(class icu_58::UnicodeString &,int,int,signed char,class icu_58::IDNAInfo &,enum UErrorCode &)const " (?processLabel@UTS46@icu_58@@ABEHAAVUnicodeString@2@HHCAAVIDNAInfo@2@AAW4UErrorCode@@@Z)
     1>uts46.obj : error LNK2019: unresolved external symbol _ubidi_getSingleton_58 referenced in function "private: signed char __thiscall icu_58::UTS46::isLabelOkContextJ(wchar_t const *,int)const " (?isLabelOkContextJ@UTS46@icu_58@@ABECPB_WH@Z)
     1>uts46.obj : error LNK2019: unresolved external symbol _ubidi_getJoiningType_58 referenced in function "private: signed char __thiscall icu_58::UTS46::isLabelOkContextJ(wchar_t const *,int)const " (?isLabelOkContextJ@UTS46@icu_58@@ABECPB_WH@Z)
     1>uts46.obj : error LNK2019: unresolved external symbol _u_terminateChars_58 referenced in function _uidna_labelToASCII_UTF8_58
     1>H:\first_project\common\Debug\icu_demo.exe : fatal error LNK1120: 42 unresolved externals
     1>Done Building Project "H:\first_project\icu_demo\icu_demo.vcxproj" (Build target(s)) -- FAILED.

Build FAILED.

Time Elapsed 00:00:02.65
