生成启动时间为 2018/9/24 22:20:15。
     1>项目“D:\code\gitcode\first_project\icu_demo\icu_demo.vcxproj”在节点 2 上(Build 个目标)。
     1>ClCompile:
         E:\Program Files (x86)\Microsoft Visual Studio 12.0\VC\bin\CL.exe /c /ZI /nologo /W3 /WX- /sdl- /Od /Oy- /D U_COMMON_IMPLEMENTATION /D WIN32 /D _DEBUG /D _CONSOLE /D _UNICODE /D UNICODE /Gm /EHsc /RTC1 /MTd /GS /fp:precise /Zc:wchar_t /Zc:forScope /Fo"Debug\\" /Fd"Debug\vc120.pdb" /Gd /TP /analyze- /errorReport:prompt main.cpp
         main.cpp
       Link:
         E:\Program Files (x86)\Microsoft Visual Studio 12.0\VC\bin\link.exe /ERRORREPORT:PROMPT /OUT:"D:\code\gitcode\first_project\common\Debug\icu_demo.exe" /INCREMENTAL /NOLOGO /LIBPATH:D:\opensource\boost_1_65_1\stage\lib kernel32.lib user32.lib gdi32.lib winspool.lib comdlg32.lib advapi32.lib shell32.lib ole32.lib oleaut32.lib uuid.lib odbc32.lib odbccp32.lib /MANIFEST /MANIFESTUAC:"level='asInvoker' uiAccess='false'" /manifest:embed /DEBUG /PDB:"D:\code\gitcode\first_project\common\Debug\icu_demo.pdb" /SUBSYSTEM:CONSOLE /TLBID:1 /DYNAMICBASE /NXCOMPAT /IMPLIB:"D:\code\gitcode\first_project\common\Debug\icu_demo.lib" /MACHINE:X86 Debug\appendable.obj
         Debug\bmpset.obj
         Debug\brkeng.obj
         Debug\brkiter.obj
         Debug\bytestream.obj
         Debug\bytestrie.obj
         Debug\bytestriebuilder.obj
         Debug\bytestrieiterator.obj
         Debug\caniter.obj
         Debug\chariter.obj
         Debug\charstr.obj
         Debug\cmemory.obj
         Debug\cstr.obj
         Debug\cstring.obj
         Debug\cwchar.obj
         Debug\dictbe.obj
         Debug\dictionarydata.obj
         Debug\dtintrv.obj
         Debug\errorcode.obj
         Debug\filteredbrk.obj
         Debug\filterednormalizer2.obj
         Debug\icudataver.obj
         Debug\icuplug.obj
         Debug\listformatter.obj
         Debug\loadednormalizer2impl.obj
         Debug\locavailable.obj
         Debug\locbased.obj
         Debug\locdispnames.obj
         Debug\locdspnm.obj
         Debug\locid.obj
         Debug\loclikely.obj
         Debug\locmap.obj
         Debug\locresdata.obj
         Debug\locutil.obj
         Debug\main.obj
         Debug\messagepattern.obj
         Debug\normalizer2.obj
         Debug\normalizer2impl.obj
         Debug\normlzr.obj
         Debug\parsepos.obj
         Debug\patternprops.obj
         Debug\pluralmap.obj
         Debug\propname.obj
         Debug\propsvec.obj
         Debug\punycode.obj
         Debug\putil.obj
         Debug\rbbi.obj
         Debug\rbbidata.obj
         Debug\rbbinode.obj
         Debug\rbbirb.obj
         Debug\rbbiscan.obj
         Debug\rbbisetb.obj
         Debug\rbbistbl.obj
         Debug\rbbitblb.obj
         Debug\resbund.obj
         Debug\resbund_cnv.obj
         Debug\resource.obj
         Debug\ruleiter.obj
         Debug\schriter.obj
         Debug\serv.obj
         Debug\servlk.obj
         Debug\servlkf.obj
         Debug\servls.obj
         Debug\servnotf.obj
         Debug\servrbf.obj
         Debug\servslkf.obj
         Debug\sharedobject.obj
         Debug\simpleformatter.obj
         Debug\stringpiece.obj
         Debug\stringtriebuilder.obj
         Debug\stubdata.obj
         Debug\uarrsort.obj
         Debug\ubidi.obj
         Debug\ubidiln.obj
         Debug\ubiditransform.obj
         Debug\ubidiwrt.obj
         Debug\ubidi_props.obj
         Debug\ubrk.obj
         Debug\ucase.obj
         Debug\ucasemap.obj
         Debug\ucasemap_titlecase_brkiter.obj
         Debug\ucat.obj
         Debug\uchar.obj
         Debug\ucharstrie.obj
         Debug\ucharstriebuilder.obj
         Debug\ucharstrieiterator.obj
         Debug\uchriter.obj
         Debug\ucln_cmn.obj
         Debug\ucmndata.obj
         Debug\ucnv.obj
         Debug\ucnv2022.obj
         Debug\ucnvbocu.obj
         Debug\ucnvdisp.obj
         Debug\ucnvhz.obj
         Debug\ucnvisci.obj
         Debug\ucnvlat1.obj
         Debug\ucnvmbcs.obj
         Debug\ucnvscsu.obj
         Debug\ucnvsel.obj
         Debug\ucnv_bld.obj
         Debug\ucnv_cb.obj
         Debug\ucnv_cnv.obj
         Debug\ucnv_ct.obj
         Debug\ucnv_err.obj
         Debug\ucnv_ext.obj
         Debug\ucnv_io.obj
         Debug\ucnv_lmb.obj
         Debug\ucnv_set.obj
         Debug\ucnv_u16.obj
         Debug\ucnv_u32.obj
         Debug\ucnv_u7.obj
         Debug\ucnv_u8.obj
         Debug\ucol_swp.obj
         Debug\ucurr.obj
         Debug\udata.obj
         Debug\udatamem.obj
         Debug\udataswp.obj
         Debug\uenum.obj
         Debug\uhash.obj
         Debug\uhash_us.obj
         Debug\uidna.obj
         Debug\uinit.obj
         Debug\uinvchar.obj
         Debug\uiter.obj
         Debug\ulist.obj
         Debug\ulistformatter.obj
         Debug\uloc.obj
         Debug\uloc_keytype.obj
         Debug\uloc_tag.obj
         Debug\umapfile.obj
         Debug\umath.obj
         Debug\umutex.obj
         Debug\unames.obj
         Debug\unifiedcache.obj
         Debug\unifilt.obj
         Debug\unifunct.obj
         Debug\uniset.obj
         Debug\unisetspan.obj
         Debug\uniset_closure.obj
         Debug\uniset_props.obj
         Debug\unistr.obj
         Debug\unistr_case.obj
         Debug\unistr_case_locale.obj
         Debug\unistr_cnv.obj
         Debug\unistr_props.obj
         Debug\unistr_titlecase_brkiter.obj
         Debug\unorm.obj
         Debug\unormcmp.obj
         Debug\uobject.obj
         Debug\uprops.obj
         Debug\uresbund.obj
         Debug\uresdata.obj
         Debug\ures_cnv.obj
         Debug\uscript.obj
         Debug\uscript_props.obj
         Debug\usc_impl.obj
         Debug\uset.obj
         Debug\usetiter.obj
         Debug\uset_props.obj
         Debug\ushape.obj
         Debug\usprep.obj
         Debug\ustack.obj
         Debug\ustrcase.obj
         Debug\ustrcase_locale.obj
         Debug\ustrenum.obj
         Debug\ustrfmt.obj
         Debug\ustring.obj
         Debug\ustrtrns.obj
         Debug\ustr_cnv.obj
         Debug\ustr_titlecase_brkiter.obj
         Debug\ustr_wcs.obj
         Debug\utext.obj
         Debug\utf_impl.obj
         Debug\util.obj
         Debug\util_props.obj
         Debug\utrace.obj
         Debug\utrie.obj
         Debug\utrie2.obj
         Debug\utrie2_builder.obj
         Debug\uts46.obj
         Debug\utypes.obj
         Debug\uvector.obj
         Debug\uvectr32.obj
         Debug\uvectr64.obj
         Debug\wintz.obj
         icu_demo.vcxproj -> D:\code\gitcode\first_project\common\Debug\icu_demo.exe
     1>已完成生成项目“D:\code\gitcode\first_project\icu_demo\icu_demo.vcxproj”(Build 个目标)的操作。

生成成功。

已用时间 00:00:00.79
