h:\first_project\icu_demo\debug\vc120.pdb
h:\first_project\icu_demo\debug\vc120.idb
h:\first_project\icu_demo\debug\normalizer2.obj
h:\first_project\icu_demo\debug\normalizer2impl.obj
h:\first_project\icu_demo\debug\patternprops.obj
h:\first_project\icu_demo\debug\punycode.obj
h:\first_project\icu_demo\debug\ucln_cmn.obj
h:\first_project\icu_demo\debug\ucol_swp.obj
h:\first_project\icu_demo\debug\umutex.obj
h:\first_project\icu_demo\debug\unifilt.obj
h:\first_project\icu_demo\debug\unifunct.obj
h:\first_project\icu_demo\debug\uniset.obj
h:\first_project\icu_demo\debug\unisetspan.obj
h:\first_project\icu_demo\debug\unistr.obj
h:\first_project\icu_demo\debug\uobject.obj
h:\first_project\icu_demo\debug\ustring.obj
h:\first_project\icu_demo\debug\ustrtrns.obj
h:\first_project\icu_demo\debug\util.obj
h:\first_project\icu_demo\debug\utrie2.obj
h:\first_project\icu_demo\debug\utrie2_builder.obj
h:\first_project\icu_demo\debug\uts46.obj
h:\first_project\icu_demo\debug\uvector.obj
h:\first_project\icu_demo\debug\bmpset.obj
h:\first_project\icu_demo\debug\loadednormalizer2impl.obj
h:\first_project\icu_demo\debug\main.obj
h:\first_project\icu_demo\debug\cmemory.obj
h:\first_project\icu_demo\debug\cwchar.obj
h:\first_project\icu_demo\debug\uarrsort.obj
h:\first_project\icu_demo\debug\ubidi_props.obj
h:\first_project\icu_demo\debug\uchar.obj
h:\first_project\icu_demo\debug\ucmndata.obj
h:\first_project\icu_demo\debug\udatamem.obj
h:\first_project\icu_demo\debug\udataswp.obj
h:\first_project\icu_demo\debug\uhash.obj
h:\first_project\icu_demo\debug\uinvchar.obj
h:\first_project\icu_demo\debug\umapfile.obj
h:\first_project\icu_demo\debug\utf_impl.obj
h:\first_project\common\debug\icu_demo.ilk
h:\first_project\common\debug\icu_demo.exe
h:\first_project\common\debug\icu_demo.pdb
h:\first_project\icu_demo\debug\icu_demo.tlog\cl.command.1.tlog
h:\first_project\icu_demo\debug\icu_demo.tlog\cl.read.1.tlog
h:\first_project\icu_demo\debug\icu_demo.tlog\cl.write.1.tlog
h:\first_project\icu_demo\debug\icu_demo.tlog\link.command.1.tlog
h:\first_project\icu_demo\debug\icu_demo.tlog\link.read.1.tlog
h:\first_project\icu_demo\debug\icu_demo.tlog\link.write.1.tlog
