生成启动时间为 2018/9/24 17:23:01。
     1>项目“D:\code\gitcode\first_project\common\common.vcxproj”在节点 2 上(Build 个目标)。
     1>C:\Program Files (x86)\MSBuild\12.0\bin\Microsoft.Common.CurrentVersion.targets(1430,5): warning : The referenced project '..\stubdata\stubdata.vcxproj' does not exist.
     1>ClCompile:
         E:\Program Files (x86)\Microsoft Visual Studio 12.0\VC\bin\CL.exe /c /ZI /nologo /W3 /WX- /Od /Oy- /D U_ATTRIBUTE_DEPRECATED= /D WIN32 /D _DEBUG /D _CRT_SECURE_NO_DEPRECATE /D U_COMMON_IMPLEMENTATION /D RBBI_DEBUG /D _VC80_UPGRADE=0x0710 /D _USING_V110_SDK71_ /D _UNICODE /D UNICODE /Gm- /EHsc /RTC1 /MDd /GS /fp:precise /Zc:wchar_t /Zc:forScope /Fo".\x86\Debug/" /Fd".\x86\Debug/vc120.pdb" /FR".\x86\Debug\\" /Gd /TP /analyze- /errorReport:prompt appendable.cpp bmpset.cpp brkeng.cpp brkiter.cpp bytestream.cpp bytestrie.cpp bytestriebuilder.cpp bytestrieiterator.cpp caniter.cpp chariter.cpp charstr.cpp cstr.cpp dictbe.cpp dictionarydata.cpp dtintrv.cpp errorcode.cpp filteredbrk.cpp filterednormalizer2.cpp icuplug.cpp listformatter.cpp loadednormalizer2impl.cpp locavailable.cpp locbased.cpp locdispnames.cpp locdspnm.cpp locid.cpp loclikely.cpp locresdata.cpp locutil.cpp messagepattern.cpp normalizer2.cpp normalizer2impl.cpp normlzr.cpp parsepos.cpp patternprops.cpp pluralmap.cpp propname.cpp punycode.cpp putil.cpp rbbi.cpp rbbidata.cpp rbbinode.cpp rbbirb.cpp rbbiscan.cpp rbbisetb.cpp rbbistbl.cpp rbbitblb.cpp resbund.cpp resbund_cnv.cpp resource.cpp ruleiter.cpp schriter.cpp serv.cpp servlk.cpp servlkf.cpp servls.cpp servnotf.cpp servrbf.cpp servslkf.cpp sharedobject.cpp simpleformatter.cpp stringpiece.cpp stringtriebuilder.cpp ubrk.cpp ucase.cpp ucasemap.cpp ucasemap_titlecase_brkiter.cpp ucharstrie.cpp ucharstriebuilder.cpp ucharstrieiterator.cpp uchriter.cpp ucln_cmn.cpp ucnv2022.cpp ucnvbocu.cpp ucnvmbcs.cpp ucnvsel.cpp ucnv_bld.cpp ucnv_ext.cpp ucnv_io.cpp ucol_swp.cpp ucurr.cpp udata.cpp uhash_us.cpp uidna.cpp uinit.cpp uiter.cpp ulistformatter.cpp uloc.cpp uloc_keytype.cpp umutex.cpp unames.cpp unifiedcache.cpp unifilt.cpp unifunct.cpp uniset.cpp unisetspan.cpp uniset_closure.cpp uniset_props.cpp unistr.cpp unistr_case.cpp unistr_case_locale.cpp unistr_cnv.cpp unistr_props.cpp unistr_titlecase_brkiter.cpp unorm.cpp unormcmp.cpp uobject.cpp uprops.cpp uresbund.cpp uresdata.cpp uscript_props.cpp uset.cpp usetiter.cpp uset_props.cpp ushape.cpp usprep.cpp ustack.cpp ustrcase.cpp ustrcase_locale.cpp ustrenum.cpp ustring.cpp ustrtrns.cpp ustr_cnv.cpp ustr_titlecase_brkiter.cpp ustr_wcs.cpp utext.cpp util.cpp util_props.cpp utrie.cpp utrie2.cpp utrie2_builder.cpp uts46.cpp uvector.cpp uvectr32.cpp uvectr64.cpp
         appendable.cpp
         bmpset.cpp
         brkeng.cpp
         brkiter.cpp
         bytestream.cpp
         bytestrie.cpp
         bytestriebuilder.cpp
         bytestrieiterator.cpp
         caniter.cpp
         chariter.cpp
         charstr.cpp
         cstr.cpp
         dictbe.cpp
         dictionarydata.cpp
         dtintrv.cpp
         errorcode.cpp
         filteredbrk.cpp
         filterednormalizer2.cpp
         icuplug.cpp
         listformatter.cpp
         正在生成代码...
         正在编译...
         loadednormalizer2impl.cpp
         locavailable.cpp
         locbased.cpp
         locdispnames.cpp
         locdspnm.cpp
         locid.cpp
         loclikely.cpp
         locresdata.cpp
         locutil.cpp
         messagepattern.cpp
         normalizer2.cpp
         normalizer2impl.cpp
         normlzr.cpp
         parsepos.cpp
         patternprops.cpp
         pluralmap.cpp
         propname.cpp
         punycode.cpp
         putil.cpp
         rbbi.cpp
     1>d:\code\gitcode\first_project\common\rbbi.cpp(989): warning C4351: 新增行为:  默认情况下初始化数组“icu_58::LookAheadResults::fPositions”的元素
     1>d:\code\gitcode\first_project\common\rbbi.cpp(989): warning C4351: 新增行为:  默认情况下初始化数组“icu_58::LookAheadResults::fKeys”的元素
         正在生成代码...
         正在编译...
         rbbidata.cpp
         rbbinode.cpp
         rbbirb.cpp
         rbbiscan.cpp
         rbbisetb.cpp
         rbbistbl.cpp
         rbbitblb.cpp
         resbund.cpp
         resbund_cnv.cpp
         resource.cpp
         ruleiter.cpp
         schriter.cpp
         serv.cpp
         servlk.cpp
         servlkf.cpp
         servls.cpp
         servnotf.cpp
         servrbf.cpp
         servslkf.cpp
         sharedobject.cpp
         正在生成代码...
         正在编译...
         simpleformatter.cpp
         stringpiece.cpp
         stringtriebuilder.cpp
         ubrk.cpp
         ucase.cpp
         ucasemap.cpp
     1>d:\code\gitcode\first_project\common\ucasemap.cpp(204): warning C4333: “>>”: 右移位数过大，数据将丢失
         ucasemap_titlecase_brkiter.cpp
         ucharstrie.cpp
         ucharstriebuilder.cpp
         ucharstrieiterator.cpp
         uchriter.cpp
         ucln_cmn.cpp
         ucnv2022.cpp
         ucnvbocu.cpp
         ucnvmbcs.cpp
         ucnvsel.cpp
         ucnv_bld.cpp
         ucnv_ext.cpp
         ucnv_io.cpp
         ucol_swp.cpp
         正在生成代码...
         正在编译...
         ucurr.cpp
         udata.cpp
         uhash_us.cpp
         uidna.cpp
         uinit.cpp
         uiter.cpp
         ulistformatter.cpp
         uloc.cpp
         uloc_keytype.cpp
         umutex.cpp
         unames.cpp
         unifiedcache.cpp
         unifilt.cpp
         unifunct.cpp
         uniset.cpp
         unisetspan.cpp
         uniset_closure.cpp
         uniset_props.cpp
         unistr.cpp
         unistr_case.cpp
         正在生成代码...
         正在编译...
         unistr_case_locale.cpp
         unistr_cnv.cpp
         unistr_props.cpp
         unistr_titlecase_brkiter.cpp
         unorm.cpp
         unormcmp.cpp
         uobject.cpp
         uprops.cpp
         uresbund.cpp
         uresdata.cpp
         uscript_props.cpp
         uset.cpp
         usetiter.cpp
         uset_props.cpp
         ushape.cpp
         usprep.cpp
         ustack.cpp
         ustrcase.cpp
         ustrcase_locale.cpp
         ustrenum.cpp
         正在生成代码...
         正在编译...
         ustring.cpp
         ustrtrns.cpp
         ustr_cnv.cpp
         ustr_titlecase_brkiter.cpp
         ustr_wcs.cpp
         utext.cpp
         util.cpp
         util_props.cpp
         utrie.cpp
         utrie2.cpp
         utrie2_builder.cpp
         uts46.cpp
         uvector.cpp
         uvectr32.cpp
         uvectr64.cpp
         正在生成代码...
         E:\Program Files (x86)\Microsoft Visual Studio 12.0\VC\bin\CL.exe /c /ZI /nologo /W3 /WX- /Od /Oy- /D U_ATTRIBUTE_DEPRECATED= /D WIN32 /D _DEBUG /D _CRT_SECURE_NO_DEPRECATE /D U_COMMON_IMPLEMENTATION /D RBBI_DEBUG /D _VC80_UPGRADE=0x0710 /D _USING_V110_SDK71_ /D _UNICODE /D UNICODE /Gm- /EHsc /RTC1 /MDd /GS /fp:precise /Zc:wchar_t /Zc:forScope /Fo".\x86\Debug/" /Fd".\x86\Debug/vc120.pdb" /FR".\x86\Debug\\" /Gd /TC /analyze- /errorReport:prompt cmemory.c cstring.c cwchar.c icudataver.c locmap.c propsvec.c stubdata.c uarrsort.c ubidi.c ubidiln.c ubiditransform.c ubidiwrt.c ubidi_props.c ucat.c uchar.c ucmndata.c ucnv.c ucnvdisp.c ucnvhz.c ucnvisci.c ucnvlat1.c ucnvscsu.c ucnv_cb.c ucnv_cnv.c ucnv_ct.c ucnv_err.c ucnv_lmb.c ucnv_set.c ucnv_u16.c ucnv_u32.c ucnv_u7.c ucnv_u8.c udatamem.c udataswp.c uenum.c uhash.c uinvchar.c ulist.c uloc_tag.c umapfile.c umath.c ures_cnv.c uscript.c usc_impl.c ustrfmt.c utf_impl.c utrace.c utypes.c wintz.c
         cmemory.c
         cstring.c
         cwchar.c
         icudataver.c
         locmap.c
         propsvec.c
         stubdata.c
         uarrsort.c
         ubidi.c
         ubidiln.c
         ubiditransform.c
         ubidiwrt.c
         ubidi_props.c
         ucat.c
         uchar.c
         ucmndata.c
         ucnv.c
         ucnvdisp.c
         ucnvhz.c
         ucnvisci.c
         正在生成代码...
         正在编译...
         ucnvlat1.c
         ucnvscsu.c
         ucnv_cb.c
         ucnv_cnv.c
         ucnv_ct.c
         ucnv_err.c
         ucnv_lmb.c
         ucnv_set.c
         ucnv_u16.c
         ucnv_u32.c
         ucnv_u7.c
         ucnv_u8.c
         udatamem.c
         udataswp.c
         uenum.c
         uhash.c
         uinvchar.c
         ulist.c
         uloc_tag.c
         umapfile.c
         正在生成代码...
         正在编译...
         umath.c
         ures_cnv.c
         uscript.c
         usc_impl.c
         ustrfmt.c
         utf_impl.c
         utrace.c
         utypes.c
         wintz.c
         正在生成代码...
       ResourceCompile:
         C:\Program Files (x86)\Microsoft SDKs\Windows\v7.1A\bin\rc.exe /D _DEBUG /D _VC80_UPGRADE=0x0710 /D _USING_V110_SDK71_ /D _UNICODE /D UNICODE /l"0x0409" /nologo /fo".\x86\Debug\common.res" common.rc 
       Lib:
         E:\Program Files (x86)\Microsoft Visual Studio 12.0\VC\bin\Lib.exe /OUT:".\..\..\lib\common.lib" /NOLOGO .\x86\Debug\common.res
         .\x86\Debug/appendable.obj
         .\x86\Debug/bmpset.obj
         .\x86\Debug/brkeng.obj
         .\x86\Debug/brkiter.obj
         .\x86\Debug/bytestream.obj
         .\x86\Debug/bytestrie.obj
         .\x86\Debug/bytestriebuilder.obj
         .\x86\Debug/bytestrieiterator.obj
         .\x86\Debug/caniter.obj
         .\x86\Debug/chariter.obj
         .\x86\Debug/charstr.obj
         .\x86\Debug/cmemory.obj
         .\x86\Debug/cstr.obj
         .\x86\Debug/cstring.obj
         .\x86\Debug/cwchar.obj
         .\x86\Debug/dictbe.obj
         .\x86\Debug/dictionarydata.obj
         .\x86\Debug/dtintrv.obj
         .\x86\Debug/errorcode.obj
         .\x86\Debug/filteredbrk.obj
         .\x86\Debug/filterednormalizer2.obj
         .\x86\Debug/icudataver.obj
         .\x86\Debug/icuplug.obj
         .\x86\Debug/listformatter.obj
         .\x86\Debug/loadednormalizer2impl.obj
         .\x86\Debug/locavailable.obj
         .\x86\Debug/locbased.obj
         .\x86\Debug/locdispnames.obj
         .\x86\Debug/locdspnm.obj
         .\x86\Debug/locid.obj
         .\x86\Debug/loclikely.obj
         .\x86\Debug/locmap.obj
         .\x86\Debug/locresdata.obj
         .\x86\Debug/locutil.obj
         .\x86\Debug/messagepattern.obj
         .\x86\Debug/normalizer2.obj
         .\x86\Debug/normalizer2impl.obj
         .\x86\Debug/normlzr.obj
         .\x86\Debug/parsepos.obj
         .\x86\Debug/patternprops.obj
         .\x86\Debug/pluralmap.obj
         .\x86\Debug/propname.obj
         .\x86\Debug/propsvec.obj
         .\x86\Debug/punycode.obj
         .\x86\Debug/putil.obj
         .\x86\Debug/rbbi.obj
         .\x86\Debug/rbbidata.obj
         .\x86\Debug/rbbinode.obj
         .\x86\Debug/rbbirb.obj
         .\x86\Debug/rbbiscan.obj
         .\x86\Debug/rbbisetb.obj
         .\x86\Debug/rbbistbl.obj
         .\x86\Debug/rbbitblb.obj
         .\x86\Debug/resbund.obj
         .\x86\Debug/resbund_cnv.obj
         .\x86\Debug/resource.obj
         .\x86\Debug/ruleiter.obj
         .\x86\Debug/schriter.obj
         .\x86\Debug/serv.obj
         .\x86\Debug/servlk.obj
         .\x86\Debug/servlkf.obj
         .\x86\Debug/servls.obj
         .\x86\Debug/servnotf.obj
         .\x86\Debug/servrbf.obj
         .\x86\Debug/servslkf.obj
         .\x86\Debug/sharedobject.obj
         .\x86\Debug/simpleformatter.obj
         .\x86\Debug/stringpiece.obj
         .\x86\Debug/stringtriebuilder.obj
         .\x86\Debug/stubdata.obj
         .\x86\Debug/uarrsort.obj
         .\x86\Debug/ubidi.obj
         .\x86\Debug/ubidiln.obj
         .\x86\Debug/ubiditransform.obj
         .\x86\Debug/ubidiwrt.obj
         .\x86\Debug/ubidi_props.obj
         .\x86\Debug/ubrk.obj
         .\x86\Debug/ucase.obj
         .\x86\Debug/ucasemap.obj
         .\x86\Debug/ucasemap_titlecase_brkiter.obj
         .\x86\Debug/ucat.obj
         .\x86\Debug/uchar.obj
         .\x86\Debug/ucharstrie.obj
         .\x86\Debug/ucharstriebuilder.obj
         .\x86\Debug/ucharstrieiterator.obj
         .\x86\Debug/uchriter.obj
         .\x86\Debug/ucln_cmn.obj
         .\x86\Debug/ucmndata.obj
         .\x86\Debug/ucnv.obj
         .\x86\Debug/ucnv2022.obj
         .\x86\Debug/ucnvbocu.obj
         .\x86\Debug/ucnvdisp.obj
         .\x86\Debug/ucnvhz.obj
         .\x86\Debug/ucnvisci.obj
         .\x86\Debug/ucnvlat1.obj
         .\x86\Debug/ucnvmbcs.obj
         .\x86\Debug/ucnvscsu.obj
         .\x86\Debug/ucnvsel.obj
         .\x86\Debug/ucnv_bld.obj
         .\x86\Debug/ucnv_cb.obj
         .\x86\Debug/ucnv_cnv.obj
         .\x86\Debug/ucnv_ct.obj
         .\x86\Debug/ucnv_err.obj
         .\x86\Debug/ucnv_ext.obj
         .\x86\Debug/ucnv_io.obj
         .\x86\Debug/ucnv_lmb.obj
         .\x86\Debug/ucnv_set.obj
         .\x86\Debug/ucnv_u16.obj
         .\x86\Debug/ucnv_u32.obj
         .\x86\Debug/ucnv_u7.obj
         .\x86\Debug/ucnv_u8.obj
         .\x86\Debug/ucol_swp.obj
         .\x86\Debug/ucurr.obj
         .\x86\Debug/udata.obj
         .\x86\Debug/udatamem.obj
         .\x86\Debug/udataswp.obj
         .\x86\Debug/uenum.obj
         .\x86\Debug/uhash.obj
         .\x86\Debug/uhash_us.obj
         .\x86\Debug/uidna.obj
         .\x86\Debug/uinit.obj
         .\x86\Debug/uinvchar.obj
         .\x86\Debug/uiter.obj
         .\x86\Debug/ulist.obj
         .\x86\Debug/ulistformatter.obj
         .\x86\Debug/uloc.obj
         .\x86\Debug/uloc_keytype.obj
         .\x86\Debug/uloc_tag.obj
         .\x86\Debug/umapfile.obj
         .\x86\Debug/umath.obj
         .\x86\Debug/umutex.obj
         .\x86\Debug/unames.obj
         .\x86\Debug/unifiedcache.obj
         .\x86\Debug/unifilt.obj
         .\x86\Debug/unifunct.obj
         .\x86\Debug/uniset.obj
         .\x86\Debug/unisetspan.obj
         .\x86\Debug/uniset_closure.obj
         .\x86\Debug/uniset_props.obj
         .\x86\Debug/unistr.obj
         .\x86\Debug/unistr_case.obj
         .\x86\Debug/unistr_case_locale.obj
         .\x86\Debug/unistr_cnv.obj
         .\x86\Debug/unistr_props.obj
         .\x86\Debug/unistr_titlecase_brkiter.obj
         .\x86\Debug/unorm.obj
         .\x86\Debug/unormcmp.obj
         .\x86\Debug/uobject.obj
         .\x86\Debug/uprops.obj
         .\x86\Debug/uresbund.obj
         .\x86\Debug/uresdata.obj
         .\x86\Debug/ures_cnv.obj
         .\x86\Debug/uscript.obj
         .\x86\Debug/uscript_props.obj
         .\x86\Debug/usc_impl.obj
         .\x86\Debug/uset.obj
         .\x86\Debug/usetiter.obj
         .\x86\Debug/uset_props.obj
         .\x86\Debug/ushape.obj
         .\x86\Debug/usprep.obj
         .\x86\Debug/ustack.obj
         .\x86\Debug/ustrcase.obj
         .\x86\Debug/ustrcase_locale.obj
         .\x86\Debug/ustrenum.obj
         .\x86\Debug/ustrfmt.obj
         .\x86\Debug/ustring.obj
         .\x86\Debug/ustrtrns.obj
         .\x86\Debug/ustr_cnv.obj
         .\x86\Debug/ustr_titlecase_brkiter.obj
         .\x86\Debug/ustr_wcs.obj
         .\x86\Debug/utext.obj
         .\x86\Debug/utf_impl.obj
         .\x86\Debug/util.obj
         .\x86\Debug/util_props.obj
         .\x86\Debug/utrace.obj
         .\x86\Debug/utrie.obj
         .\x86\Debug/utrie2.obj
         .\x86\Debug/utrie2_builder.obj
         .\x86\Debug/uts46.obj
         .\x86\Debug/utypes.obj
         .\x86\Debug/uvector.obj
         .\x86\Debug/uvectr32.obj
         .\x86\Debug/uvectr64.obj
         .\x86\Debug/wintz.obj
     1>LINK : warning LNK4068: 未指定 /MACHINE；默认设置为 X86
         common.vcxproj -> D:\code\gitcode\first_project\common\.\..\..\lib\common.lib
       BscMake:
         E:\Program Files (x86)\Microsoft Visual Studio 12.0\VC\bin\bscmake.exe /nologo /o".\..\..\lib\common.bsc" .\x86\Debug\appendable.sbr .\x86\Debug\bmpset.sbr .\x86\Debug\brkeng.sbr .\x86\Debug\brkiter.sbr .\x86\Debug\bytestream.sbr .\x86\Debug\bytestrie.sbr .\x86\Debug\bytestriebuilder.sbr .\x86\Debug\bytestrieiterator.sbr .\x86\Debug\caniter.sbr .\x86\Debug\chariter.sbr .\x86\Debug\charstr.sbr .\x86\Debug\cmemory.sbr .\x86\Debug\cstr.sbr .\x86\Debug\cstring.sbr .\x86\Debug\cwchar.sbr .\x86\Debug\dictbe.sbr .\x86\Debug\dictionarydata.sbr .\x86\Debug\dtintrv.sbr .\x86\Debug\errorcode.sbr .\x86\Debug\filteredbrk.sbr .\x86\Debug\filterednormalizer2.sbr .\x86\Debug\icudataver.sbr .\x86\Debug\icuplug.sbr .\x86\Debug\listformatter.sbr .\x86\Debug\loadednormalizer2impl.sbr .\x86\Debug\locavailable.sbr .\x86\Debug\locbased.sbr .\x86\Debug\locdispnames.sbr .\x86\Debug\locdspnm.sbr .\x86\Debug\locid.sbr .\x86\Debug\loclikely.sbr .\x86\Debug\locmap.sbr .\x86\Debug\locresdata.sbr .\x86\Debug\locutil.sbr .\x86\Debug\messagepattern.sbr .\x86\Debug\normalizer2.sbr .\x86\Debug\normalizer2impl.sbr .\x86\Debug\normlzr.sbr .\x86\Debug\parsepos.sbr .\x86\Debug\patternprops.sbr .\x86\Debug\pluralmap.sbr .\x86\Debug\propname.sbr .\x86\Debug\propsvec.sbr .\x86\Debug\punycode.sbr .\x86\Debug\putil.sbr .\x86\Debug\rbbi.sbr .\x86\Debug\rbbidata.sbr .\x86\Debug\rbbinode.sbr .\x86\Debug\rbbirb.sbr .\x86\Debug\rbbiscan.sbr .\x86\Debug\rbbisetb.sbr .\x86\Debug\rbbistbl.sbr .\x86\Debug\rbbitblb.sbr .\x86\Debug\resbund.sbr .\x86\Debug\resbund_cnv.sbr .\x86\Debug\resource.sbr .\x86\Debug\ruleiter.sbr .\x86\Debug\schriter.sbr .\x86\Debug\serv.sbr .\x86\Debug\servlk.sbr .\x86\Debug\servlkf.sbr .\x86\Debug\servls.sbr .\x86\Debug\servnotf.sbr .\x86\Debug\servrbf.sbr .\x86\Debug\servslkf.sbr .\x86\Debug\sharedobject.sbr .\x86\Debug\simpleformatter.sbr .\x86\Debug\stringpiece.sbr .\x86\Debug\stringtriebuilder.sbr .\x86\Debug\stubdata.sbr .\x86\Debug\uarrsort.sbr .\x86\Debug\ubidi.sbr .\x86\Debug\ubidiln.sbr .\x86\Debug\ubiditransform.sbr .\x86\Debug\ubidiwrt.sbr .\x86\Debug\ubidi_props.sbr .\x86\Debug\ubrk.sbr .\x86\Debug\ucase.sbr .\x86\Debug\ucasemap.sbr .\x86\Debug\ucasemap_titlecase_brkiter.sbr .\x86\Debug\ucat.sbr .\x86\Debug\uchar.sbr .\x86\Debug\ucharstrie.sbr .\x86\Debug\ucharstriebuilder.sbr .\x86\Debug\ucharstrieiterator.sbr .\x86\Debug\uchriter.sbr .\x86\Debug\ucln_cmn.sbr .\x86\Debug\ucmndata.sbr .\x86\Debug\ucnv.sbr .\x86\Debug\ucnv2022.sbr .\x86\Debug\ucnvbocu.sbr .\x86\Debug\ucnvdisp.sbr .\x86\Debug\ucnvhz.sbr .\x86\Debug\ucnvisci.sbr .\x86\Debug\ucnvlat1.sbr .\x86\Debug\ucnvmbcs.sbr .\x86\Debug\ucnvscsu.sbr .\x86\Debug\ucnvsel.sbr .\x86\Debug\ucnv_bld.sbr .\x86\Debug\ucnv_cb.sbr .\x86\Debug\ucnv_cnv.sbr .\x86\Debug\ucnv_ct.sbr .\x86\Debug\ucnv_err.sbr .\x86\Debug\ucnv_ext.sbr .\x86\Debug\ucnv_io.sbr .\x86\Debug\ucnv_lmb.sbr .\x86\Debug\ucnv_set.sbr .\x86\Debug\ucnv_u16.sbr .\x86\Debug\ucnv_u32.sbr .\x86\Debug\ucnv_u7.sbr .\x86\Debug\ucnv_u8.sbr .\x86\Debug\ucol_swp.sbr .\x86\Debug\ucurr.sbr .\x86\Debug\udata.sbr .\x86\Debug\udatamem.sbr .\x86\Debug\udataswp.sbr .\x86\Debug\uenum.sbr .\x86\Debug\uhash.sbr .\x86\Debug\uhash_us.sbr .\x86\Debug\uidna.sbr .\x86\Debug\uinit.sbr .\x86\Debug\uinvchar.sbr .\x86\Debug\uiter.sbr .\x86\Debug\ulist.sbr .\x86\Debug\ulistformatter.sbr .\x86\Debug\uloc.sbr .\x86\Debug\uloc_keytype.sbr .\x86\Debug\uloc_tag.sbr .\x86\Debug\umapfile.sbr .\x86\Debug\umath.sbr .\x86\Debug\umutex.sbr .\x86\Debug\unames.sbr .\x86\Debug\unifiedcache.sbr .\x86\Debug\unifilt.sbr .\x86\Debug\unifunct.sbr .\x86\Debug\uniset.sbr .\x86\Debug\unisetspan.sbr .\x86\Debug\uniset_closure.sbr .\x86\Debug\uniset_props.sbr .\x86\Debug\unistr.sbr .\x86\Debug\unistr_case.sbr .\x86\Debug\unistr_case_locale.sbr .\x86\Debug\unistr_cnv.sbr .\x86\Debug\unistr_props.sbr .\x86\Debug\unistr_titlecase_brkiter.sbr .\x86\Debug\unorm.sbr .\x86\Debug\unormcmp.sbr .\x86\Debug\uobject.sbr .\x86\Debug\uprops.sbr .\x86\Debug\uresbund.sbr .\x86\Debug\uresdata.sbr .\x86\Debug\ures_cnv.sbr .\x86\Debug\uscript.sbr .\x86\Debug\uscript_props.sbr .\x86\Debug\usc_impl.sbr .\x86\Debug\uset.sbr .\x86\Debug\usetiter.sbr .\x86\Debug\uset_props.sbr .\x86\Debug\ushape.sbr .\x86\Debug\usprep.sbr .\x86\Debug\ustack.sbr .\x86\Debug\ustrcase.sbr .\x86\Debug\ustrcase_locale.sbr .\x86\Debug\ustrenum.sbr .\x86\Debug\ustrfmt.sbr .\x86\Debug\ustring.sbr .\x86\Debug\ustrtrns.sbr .\x86\Debug\ustr_cnv.sbr .\x86\Debug\ustr_titlecase_brkiter.sbr .\x86\Debug\ustr_wcs.sbr .\x86\Debug\utext.sbr .\x86\Debug\utf_impl.sbr .\x86\Debug\util.sbr .\x86\Debug\util_props.sbr .\x86\Debug\utrace.sbr .\x86\Debug\utrie.sbr .\x86\Debug\utrie2.sbr .\x86\Debug\utrie2_builder.sbr .\x86\Debug\uts46.sbr .\x86\Debug\utypes.sbr .\x86\Debug\uvector.sbr .\x86\Debug\uvectr32.sbr .\x86\Debug\uvectr64.sbr .\x86\Debug\wintz.sbr
     1>已完成生成项目“D:\code\gitcode\first_project\common\common.vcxproj”(Build 个目标)的操作。

生成成功。

已用时间 00:01:16.67
